#
# A fatal error has been detected by the Java Runtime Environment:
#
#  Internal Error (javaClasses.cpp:129), pid=5556, tid=2488
#  fatal error: Invalid layout of preloaded class
#
# JRE version: 7.0_17-b02
# Java VM: Java HotSpot(TM) Client VM (23.7-b01 mixed mode windows-x86 )
# Failed to write core dump. Minidumps are not enabled by default on client versions of Windows
#
# If you would like to submit a bug report, please visit:
#   http://bugreport.sun.com/bugreport/crash.jsp
#

---------------  T H R E A D  ---------------

Current thread (0x009fb000):  JavaThread "Unknown thread" [_thread_in_vm, id=2488, stack(0x008f0000,0x00940000)]

Stack: [0x008f0000,0x00940000],  sp=0x0093f3d8,  free space=316k
Native frames: (J=compiled Java code, j=interpreted, Vv=VM code, C=native code)
V  [jvm.dll+0x16f261]
V  [jvm.dll+0x1693d6]
V  [jvm.dll+0x2079f]
V  [jvm.dll+0x20826]
V  [jvm.dll+0x2e5bd]
V  [jvm.dll+0x2e869]
V  [jvm.dll+0x77ba1]
V  [jvm.dll+0x77f5b]
V  [jvm.dll+0x1290e1]
V  [jvm.dll+0x149b3a]
V  [jvm.dll+0xa98df]
C  [javaw.exe+0x13ca]
C  [javaw.exe+0x1e3c]
C  [javaw.exe+0xa5a1]
C  [javaw.exe+0xa62b]
C  [kernel32.dll+0x4ed6c]  BaseThreadInitThunk+0x12
C  [ntdll.dll+0x6377b]  RtlInitializeExceptionChain+0xef
C  [ntdll.dll+0x6374e]  RtlInitializeExceptionChain+0xc2


---------------  P R O C E S S  ---------------

Java Threads: ( => current thread )

Other Threads:

=>0x009fb000 (exited) JavaThread "Unknown thread" [_thread_in_vm, id=2488, stack(0x008f0000,0x00940000)]

VM state:not at safepoint (not fully initialized)

VM Mutex/Monitor currently owned by a thread: None

GC Heap History (0 events):
No events

Deoptimization events (0 events):
No events

Internal exceptions (0 events):
No events

Events (10 events):
Event: 0.062 loading class 0x00a165d0 done
Event: 0.062 loading class 0x009ff780 done
Event: 0.062 loading class 0x009ff758
Event: 0.062 loading class 0x00a8acc0
Event: 0.062 loading class 0x00a8acc0 done
Event: 0.062 loading class 0x00a8acf8
Event: 0.062 loading class 0x00a8acf8 done
Event: 0.062 loading class 0x00a7fa20
Event: 0.062 loading class 0x00a7fa20 done
Event: 0.062 loading class 0x009ff758 done


Dynamic libraries:
0x00d90000 - 0x00dbf000 	C:\Program Files\Java\jre7\bin\javaw.exe
0x77610000 - 0x7774c000 	C:\Windows\SYSTEM32\ntdll.dll
0x76590000 - 0x76664000 	C:\Windows\system32\kernel32.dll
0x757e0000 - 0x7582b000 	C:\Windows\system32\KERNELBASE.dll
0x76700000 - 0x767a0000 	C:\Windows\system32\ADVAPI32.dll
0x75c00000 - 0x75cac000 	C:\Windows\system32\msvcrt.dll
0x76350000 - 0x76369000 	C:\Windows\SYSTEM32\sechost.dll
0x75f50000 - 0x75ff1000 	C:\Windows\system32\RPCRT4.dll
0x75e70000 - 0x75f39000 	C:\Windows\system32\USER32.dll
0x76540000 - 0x7658e000 	C:\Windows\system32\GDI32.dll
0x75f40000 - 0x75f4a000 	C:\Windows\system32\LPK.dll
0x777a0000 - 0x7783d000 	C:\Windows\system32\USP10.dll
0x744c0000 - 0x7465e000 	C:\Windows\WinSxS\x86_microsoft.windows.common-controls_6595b64144ccf1df_6.0.7601.17514_none_41e6975e2bd6f2b2\COMCTL32.dll
0x75cb0000 - 0x75d07000 	C:\Windows\system32\SHLWAPI.dll
0x77760000 - 0x7777f000 	C:\Windows\system32\IMM32.DLL
0x76250000 - 0x7631c000 	C:\Windows\system32\MSCTF.dll
0x691e0000 - 0x6929e000 	C:\Program Files\Java\jre7\bin\msvcr100.dll
0x6ba50000 - 0x6bd9c000 	C:\Program Files\Java\jre7\bin\client\jvm.dll
0x727d0000 - 0x727d7000 	C:\Windows\system32\WSOCK32.dll
0x75a60000 - 0x75a95000 	C:\Windows\system32\WS2_32.dll
0x77780000 - 0x77786000 	C:\Windows\system32\NSI.dll
0x733e0000 - 0x73412000 	C:\Windows\system32\WINMM.dll
0x77750000 - 0x77755000 	C:\Windows\system32\PSAPI.DLL
0x6c2d0000 - 0x6c2dc000 	C:\Program Files\Java\jre7\bin\verify.dll
0x6c2b0000 - 0x6c2d0000 	C:\Program Files\Java\jre7\bin\java.dll
0x6c290000 - 0x6c2a3000 	C:\Program Files\Java\jre7\bin\zip.dll
0x73e90000 - 0x73f7b000 	C:\Windows\system32\dbghelp.dll

VM Arguments:
jvm_args: -ea -Dfile.encoding=Cp1252 -Xbootclasspath:C:\Users\Doomed2Failure\AppData\Local\Android\android-sdk\platforms\android-17\android.jar 
java_command: edu.hm.fuberg.se2.android.robotz.data.ItemTest
Launcher Type: SUN_STANDARD

Environment Variables:
PATH=C:/Program Files/Java/jre7/bin/client;C:/Program Files/Java/jre7/bin;C:/Program Files/Java/jre7/lib/i386;C:\Windows\system32;C:\Windows;C:\Windows\System32\Wbem;C:\Windows\System32\WindowsPowerShell\v1.0\;c:\Program Files\Microsoft SQL Server\100\Tools\Binn\;c:\Program Files\Microsoft SQL Server\100\DTS\Binn\;C:\Program Files\Java\jdk1.7.0_07\bin;C:\Users\Doomed2Failure\AppData\Local\Android\android-sdk\platform-tools;C:\Program Files\eclipse;
USERNAME=Doomed2Failure
OS=Windows_NT
PROCESSOR_IDENTIFIER=x86 Family 6 Model 15 Stepping 6, GenuineIntel



---------------  S Y S T E M  ---------------

OS: Windows 7 Build 7601 Service Pack 1

CPU:total 2 (2 cores per cpu, 1 threads per core) family 6 model 15 stepping 6, cmov, cx8, fxsr, mmx, sse, sse2, sse3, ssse3, tsc

Memory: 4k page, physical 2096440k(952036k free), swap 4192880k(2629572k free)

vm_info: Java HotSpot(TM) Client VM (23.7-b01) for windows-x86 JRE (1.7.0_17-b02), built on Mar  1 2013 05:04:36 by "java_re" with unknown MS VC++:1600

time: Mon Apr 22 17:41:38 2013
elapsed time: 0 seconds

