#
# A fatal error has been detected by the Java Runtime Environment:
#
#  Internal Error (javaClasses.cpp:129), pid=4160, tid=5500
#  fatal error: Invalid layout of preloaded class
#
# JRE version: 7.0_17-b02
# Java VM: Java HotSpot(TM) Client VM (23.7-b01 mixed mode windows-x86 )
# Failed to write core dump. Minidumps are not enabled by default on client versions of Windows
#
# If you would like to submit a bug report, please visit:
#   http://bugreport.sun.com/bugreport/crash.jsp
#

---------------  T H R E A D  ---------------

Current thread (0x003d8800):  JavaThread "Unknown thread" [_thread_in_vm, id=5500, stack(0x00900000,0x00950000)]

Stack: [0x00900000,0x00950000],  sp=0x0094fb2c,  free space=318k
Native frames: (J=compiled Java code, j=interpreted, Vv=VM code, C=native code)
V  [jvm.dll+0x16f261]
V  [jvm.dll+0x1693d6]
V  [jvm.dll+0x2079f]
V  [jvm.dll+0x20826]
V  [jvm.dll+0x2e5bd]
V  [jvm.dll+0x2e869]
V  [jvm.dll+0x77ba1]
V  [jvm.dll+0x77f5b]
V  [jvm.dll+0x1290e1]
V  [jvm.dll+0x149b3a]
V  [jvm.dll+0xa98df]
C  [javaw.exe+0x13ca]
C  [javaw.exe+0x1e3c]
C  [javaw.exe+0xa5a1]
C  [javaw.exe+0xa62b]
C  [kernel32.dll+0xb729]  GetModuleFileNameA+0x1ba


---------------  P R O C E S S  ---------------

Java Threads: ( => current thread )

Other Threads:

=>0x003d8800 (exited) JavaThread "Unknown thread" [_thread_in_vm, id=5500, stack(0x00900000,0x00950000)]

VM state:not at safepoint (not fully initialized)

VM Mutex/Monitor currently owned by a thread: None

GC Heap History (0 events):
No events

Deoptimization events (0 events):
No events

Internal exceptions (0 events):
No events

Events (10 events):
Event: 0.026 loading class 0x02a206f0 done
Event: 0.026 loading class 0x02a20030 done
Event: 0.026 loading class 0x02a20008
Event: 0.026 loading class 0x02a753a8
Event: 0.026 loading class 0x02a753a8 done
Event: 0.026 loading class 0x02a753e0
Event: 0.026 loading class 0x02a753e0 done
Event: 0.026 loading class 0x02a75418
Event: 0.026 loading class 0x02a75418 done
Event: 0.027 loading class 0x02a20008 done


Dynamic libraries:
0x00400000 - 0x0042f000 	C:\Programme\Java\jre7\bin\javaw.exe
0x7c910000 - 0x7c9c9000 	C:\WINDOWS\system32\ntdll.dll
0x7c800000 - 0x7c908000 	C:\WINDOWS\system32\kernel32.dll
0x77da0000 - 0x77e4a000 	C:\WINDOWS\system32\ADVAPI32.dll
0x77e50000 - 0x77ee3000 	C:\WINDOWS\system32\RPCRT4.dll
0x77fc0000 - 0x77fd1000 	C:\WINDOWS\system32\Secur32.dll
0x7e360000 - 0x7e3f1000 	C:\WINDOWS\system32\USER32.dll
0x77ef0000 - 0x77f39000 	C:\WINDOWS\system32\GDI32.dll
0x773a0000 - 0x774a3000 	C:\WINDOWS\WinSxS\x86_Microsoft.Windows.Common-Controls_6595b64144ccf1df_6.0.2600.6028_x-ww_61e65202\COMCTL32.dll
0x77be0000 - 0x77c38000 	C:\WINDOWS\system32\msvcrt.dll
0x77f40000 - 0x77fb6000 	C:\WINDOWS\system32\SHLWAPI.dll
0x76330000 - 0x7634d000 	C:\WINDOWS\system32\IMM32.DLL
0x10000000 - 0x10017000 	C:\WINDOWS\system32\APSHook.dll
0x78aa0000 - 0x78b5e000 	C:\Programme\Java\jre7\bin\msvcr100.dll
0x6e7c0000 - 0x6eb0c000 	C:\Programme\Java\jre7\bin\client\jvm.dll
0x71a30000 - 0x71a3a000 	C:\WINDOWS\system32\WSOCK32.dll
0x71a10000 - 0x71a27000 	C:\WINDOWS\system32\WS2_32.dll
0x71a00000 - 0x71a08000 	C:\WINDOWS\system32\WS2HELP.dll
0x76af0000 - 0x76b1e000 	C:\WINDOWS\system32\WINMM.dll
0x76bb0000 - 0x76bbb000 	C:\WINDOWS\system32\PSAPI.DLL
0x6e710000 - 0x6e71c000 	C:\Programme\Java\jre7\bin\verify.dll
0x6d4c0000 - 0x6d4e0000 	C:\Programme\Java\jre7\bin\java.dll
0x6e7a0000 - 0x6e7b3000 	C:\Programme\Java\jre7\bin\zip.dll
0x59dd0000 - 0x59e71000 	C:\WINDOWS\system32\dbghelp.dll
0x77bd0000 - 0x77bd8000 	C:\WINDOWS\system32\VERSION.dll

VM Arguments:
jvm_args: -Dfile.encoding=Cp1252 -Xbootclasspath:F:\schatäff\dl\adt-bundle-windows-x86-20130219\sdk\platforms\android-17\android.jar 
java_command: edu.hm.fuberg.se2.android.robotz.data.ItemTest
Launcher Type: SUN_STANDARD

Environment Variables:
CLASSPATH=.;C:\junit\junit-4.10.jar
PATH=C:/Programme/Java/jre7/bin/client;C:/Programme/Java/jre7/bin;C:/Programme/Java/jre7/lib/i386;C:\WINDOWS\system32;C:\WINDOWS;C:\WINDOWS\System32\Wbem;c:\Programme\Gemeinsame Dateien\Roxio Shared\DLLShared\;C:\Programme\Hewlett-Packard\IAM\bin;C:\Programme\Gemeinsame Dateien\Adobe\AGL;C:\Programme\Java\jdk1.7.0_07\bin;C:\Programme\vmb;;F:\code studium\it-systeme\vmb;F:\schatäff\dl\adt-bundle-windows-x86-20130219\sdk\platform-tools;F:\schatäff\dl\adt-bundle-windows-x86-20130219\sdk\tools;F:\code studium\softwareentwicklung II\pmd-bin-5.0.2\bin;C:\Programme\Eclipse;
USERNAME=Stäff
OS=Windows_NT
PROCESSOR_IDENTIFIER=x86 Family 6 Model 15 Stepping 11, GenuineIntel



---------------  S Y S T E M  ---------------

OS: Windows XP Build 2600 Service Pack 3

CPU:total 2 (2 cores per cpu, 1 threads per core) family 6 model 15 stepping 11, cmov, cx8, fxsr, mmx, sse, sse2, sse3, ssse3, tsc

Memory: 4k page, physical 3120364k(1720892k free), swap 7145176k(5640360k free)

vm_info: Java HotSpot(TM) Client VM (23.7-b01) for windows-x86 JRE (1.7.0_17-b02), built on Mar  1 2013 05:04:36 by "java_re" with unknown MS VC++:1600

time: Sat Apr 20 17:11:13 2013
elapsed time: 0 seconds

